Dec 09, 2022 8:27:44 PM code.Analyzer.Analyzer analyze
INFO: [DF_Memory_6637]
Dec 09, 2022 8:27:44 PM code.Analyzer.Analyzer analyze
INFO: [DF_Time_453]
Dec 09, 2022 8:27:44 PM code.Analyzer.Analyzer analyze
INFO: [DF_ExpandedNodes_114]
Dec 09, 2022 8:27:44 PM code.Analyzer.CPUAnalyzer calcAvgCpuUtil
INFO: [DF_CPU_0.10016642049767166]
Dec 09, 2022 8:27:45 PM code.Analyzer.Analyzer analyze
INFO: [GR1_Memory_7661]
Dec 09, 2022 8:27:45 PM code.Analyzer.Analyzer analyze
INFO: [GR1_Time_500]
Dec 09, 2022 8:27:45 PM code.Analyzer.Analyzer analyze
INFO: [GR1_ExpandedNodes_374]
Dec 09, 2022 8:27:45 PM code.Analyzer.CPUAnalyzer calcAvgCpuUtil
INFO: [GR1_CPU_0.08954472880984883]
Dec 09, 2022 8:27:46 PM code.Analyzer.Analyzer analyze
INFO: [GR2_Memory_10733]
Dec 09, 2022 8:27:46 PM code.Analyzer.Analyzer analyze
INFO: [GR2_Time_465]
Dec 09, 2022 8:27:46 PM code.Analyzer.Analyzer analyze
INFO: [GR2_ExpandedNodes_742]
Dec 09, 2022 8:27:46 PM code.Analyzer.CPUAnalyzer calcAvgCpuUtil
INFO: [GR2_CPU_0.10850694444444443]
Dec 09, 2022 8:27:47 PM code.Analyzer.Analyzer analyze
INFO: [AS1_Memory_16345]
Dec 09, 2022 8:27:47 PM code.Analyzer.Analyzer analyze
INFO: [AS1_Time_491]
Dec 09, 2022 8:27:47 PM code.Analyzer.Analyzer analyze
INFO: [AS1_ExpandedNodes_1611]
Dec 09, 2022 8:27:47 PM code.Analyzer.CPUAnalyzer calcAvgCpuUtil
INFO: [AS1_CPU_0.05208145840083091]
Dec 09, 2022 8:27:47 PM code.Analyzer.Analyzer analyze
INFO: [AS2_Memory_11757]
Dec 09, 2022 8:27:47 PM code.Analyzer.Analyzer analyze
INFO: [AS2_Time_498]
Dec 09, 2022 8:27:47 PM code.Analyzer.Analyzer analyze
INFO: [AS2_ExpandedNodes_924]
Dec 09, 2022 8:27:47 PM code.Analyzer.CPUAnalyzer calcAvgCpuUtil
INFO: [AS2_CPU_0.10996628873452553]
Dec 09, 2022 8:27:52 PM code.Analyzer.Analyzer analyze
INFO: [BF_Memory_646656]
Dec 09, 2022 8:27:52 PM code.Analyzer.Analyzer analyze
INFO: [BF_Time_4505]
Dec 09, 2022 8:27:52 PM code.Analyzer.Analyzer analyze
INFO: [BF_ExpandedNodes_683078]
Dec 09, 2022 8:27:52 PM code.Analyzer.CPUAnalyzer calcAvgCpuUtil
INFO: [BF_CPU_0.20843094903834522]
Dec 09, 2022 8:27:55 PM code.Analyzer.Analyzer analyze
INFO: [ID_Memory_18517]
Dec 09, 2022 8:27:55 PM code.Analyzer.Analyzer analyze
INFO: [ID_Time_2785]
Dec 09, 2022 8:27:55 PM code.Analyzer.Analyzer analyze
INFO: [ID_ExpandedNodes_6555]
Dec 09, 2022 8:27:55 PM code.Analyzer.CPUAnalyzer calcAvgCpuUtil
INFO: [ID_CPU_0.09102118253616548]
